D:\FACULTATE\AN III\EGC\LAB 2013\LAB 8\LAB_GL_5_STUDENT\DEBUG\MAIN.OBJ
D:\FACULTATE\AN III\EGC\LAB 2013\LAB 8\LAB_GL_5_STUDENT\DEBUG\VC110.PDB
D:\FACULTATE\AN III\EGC\LAB 2013\LAB 8\LAB_GL_5_STUDENT\DEBUG\LAB_GL_5.ILK
D:\FACULTATE\AN III\EGC\LAB 2013\LAB 8\LAB_GL_5_STUDENT\DEBUG\LAB_GL_5.EXE
D:\FACULTATE\AN III\EGC\LAB 2013\LAB 8\LAB_GL_5_STUDENT\DEBUG\LAB_GL_5.PDB
D:\FACULTATE\An III\EGC\lab 2013\lab 8\lab_gl_5_student\Debug\main.obj
D:\FACULTATE\An III\EGC\lab 2013\lab 8\lab_gl_5_student\Debug\lab_gl_5.ilk
D:\FACULTATE\An III\EGC\lab 2013\lab 8\lab_gl_5_student\Debug\cl.command.1.tlog
D:\FACULTATE\An III\EGC\lab 2013\lab 8\lab_gl_5_student\Debug\CL.read.1.tlog
D:\FACULTATE\An III\EGC\lab 2013\lab 8\lab_gl_5_student\Debug\CL.write.1.tlog
D:\FACULTATE\An III\EGC\lab 2013\lab 8\lab_gl_5_student\Debug\link-cvtres.read.1.tlog
D:\FACULTATE\An III\EGC\lab 2013\lab 8\lab_gl_5_student\Debug\link-cvtres.write.1.tlog
D:\FACULTATE\An III\EGC\lab 2013\lab 8\lab_gl_5_student\Debug\link-rc.read.1.tlog
D:\FACULTATE\An III\EGC\lab 2013\lab 8\lab_gl_5_student\Debug\link-rc.write.1.tlog
D:\FACULTATE\An III\EGC\lab 2013\lab 8\lab_gl_5_student\Debug\link.command.1.tlog
D:\FACULTATE\An III\EGC\lab 2013\lab 8\lab_gl_5_student\Debug\link.read.1.tlog
D:\FACULTATE\An III\EGC\lab 2013\lab 8\lab_gl_5_student\Debug\link.write.1.tlog
D:\FACULTATE\An III\EGC\lab 2013\lab 8\lab_gl_5_student\Debug\vc110.idb
D:\FACULTATE\An III\EGC\lab 2013\lab 8\lab_gl_5_student\Debug\lab_gl_5.pdb
D:\FACULTATE\An III\EGC\lab 2013\lab 8\lab_gl_5_student\Debug\vc110.pdb
D:\FACULTATE\An III\EGC\lab 2013\lab 8\lab_gl_5_student\Debug\lab_gl_5.exe
