D:\FACULTATE\AN III\EGC\TEMA 3\TEMA3\TEMA3\DEBUG\CAM.OBJ
D:\FACULTATE\AN III\EGC\TEMA 3\TEMA3\TEMA3\DEBUG\INCARCA_IMAGINEA.OBJ
D:\FACULTATE\AN III\EGC\TEMA 3\TEMA3\TEMA3\DEBUG\MAIN.OBJ
D:\FACULTATE\AN III\EGC\TEMA 3\TEMA3\TEMA3\DEBUG\MD2.OBJ
D:\FACULTATE\AN III\EGC\TEMA 3\TEMA3\TEMA3\DEBUG\VECTOR3F.OBJ
D:\FACULTATE\AN III\EGC\TEMA 3\TEMA3\TEMA3\DEBUG\VC110.PDB
D:\FACULTATE\AN III\EGC\TEMA 3\TEMA3\DEBUG\TEMA3.ILK
D:\FACULTATE\AN III\EGC\TEMA 3\TEMA3\DEBUG\TEMA3.EXE
D:\FACULTATE\AN III\EGC\TEMA 3\TEMA3\DEBUG\TEMA3.PDB
D:\FACULTATE\An III\EGC\tema 3\tema3\tema3\Debug\cam.obj
D:\FACULTATE\An III\EGC\tema 3\tema3\tema3\Debug\incarca_imaginea.obj
D:\FACULTATE\An III\EGC\tema 3\tema3\tema3\Debug\Main.obj
D:\FACULTATE\An III\EGC\tema 3\tema3\tema3\Debug\md2.obj
D:\FACULTATE\An III\EGC\tema 3\tema3\tema3\Debug\Vector3f.obj
D:\FACULTATE\An III\EGC\tema 3\tema3\tema3\Debug\cl.command.1.tlog
D:\FACULTATE\An III\EGC\tema 3\tema3\tema3\Debug\CL.read.1.tlog
D:\FACULTATE\An III\EGC\tema 3\tema3\tema3\Debug\CL.write.1.tlog
D:\FACULTATE\An III\EGC\tema 3\tema3\tema3\Debug\link-cvtres.read.1.tlog
D:\FACULTATE\An III\EGC\tema 3\tema3\tema3\Debug\link-cvtres.write.1.tlog
D:\FACULTATE\An III\EGC\tema 3\tema3\tema3\Debug\link-rc.read.1.tlog
D:\FACULTATE\An III\EGC\tema 3\tema3\tema3\Debug\link-rc.write.1.tlog
D:\FACULTATE\An III\EGC\tema 3\tema3\tema3\Debug\link.command.1.tlog
D:\FACULTATE\An III\EGC\tema 3\tema3\tema3\Debug\link.read.1.tlog
D:\FACULTATE\An III\EGC\tema 3\tema3\tema3\Debug\link.write.1.tlog
D:\FACULTATE\An III\EGC\tema 3\tema3\tema3\Debug\vc110.idb
D:\FACULTATE\An III\EGC\tema 3\tema3\tema3\Debug\vc110.pdb
D:\FACULTATE\An III\EGC\tema 3\tema3\Debug\tema3.pdb
D:\FACULTATE\An III\EGC\tema 3\tema3\Debug\tema3.exe
D:\FACULTATE\An III\EGC\tema 3\tema3\Debug\tema3.ilk
